25/09/24 16:52:48 INFO NewSpark: starting spark
25/09/24 16:52:48 INFO NewSpark: finish spark
25/09/24 17:14:46 INFO NewSpark: starting spark
25/09/24 17:14:46 INFO NewSpark: finish spark
25/09/24 17:15:44 INFO Hello Spark: starting spark
25/09/24 17:15:44 INFO Hello Spark: finish spark
25/09/24 17:16:40 INFO Hello Spark: starting new spark
25/09/24 17:16:40 INFO Hello Spark: finish new spark
25/09/24 17:19:10 INFO Hello Spark: spark.app.id=local-1758748748094
spark.app.name=Hello Spark
spark.app.startTime=1758748747047
spark.app.submitTime=1758748746843
spark.driver.extraJavaOptions=-Djava.net.preferIPv6Addresses=false -XX:+IgnoreUnrecognizedVMOptions --add-modules=jdk.incubator.vector --add-opens=java.base/java.lang=ALL-UNNAMED --add-opens=java.base/java.lang.invoke=ALL-UNNAMED --add-opens=java.base/java.lang.reflect=ALL-UNNAMED --add-opens=java.base/java.io=ALL-UNNAMED --add-opens=java.base/java.net=ALL-UNNAMED --add-opens=java.base/java.nio=ALL-UNNAMED --add-opens=java.base/java.util=ALL-UNNAMED --add-opens=java.base/java.util.concurrent=ALL-UNNAMED --add-opens=java.base/java.util.concurrent.atomic=ALL-UNNAMED --add-opens=java.base/jdk.internal.ref=ALL-UNNAMED --add-opens=java.base/sun.nio.ch=ALL-UNNAMED --add-opens=java.base/sun.nio.cs=ALL-UNNAMED --add-opens=java.base/sun.security.action=ALL-UNNAMED --add-opens=java.base/sun.util.calendar=ALL-UNNAMED --add-opens=java.security.jgss/sun.security.krb5=ALL-UNNAMED -Djdk.reflect.useDirectMethodHandle=false -Dio.netty.tryReflectionSetAccessible=true -Dlog4j.configurationFile=file:/Users/heng/Documents/A-0916-Spark/HelloSpark/log4j2.properties
spark.driver.host=172.19.129.88
spark.driver.port=49408
spark.executor.extraJavaOptions=-Djava.net.preferIPv6Addresses=false -XX:+IgnoreUnrecognizedVMOptions --add-modules=jdk.incubator.vector --add-opens=java.base/java.lang=ALL-UNNAMED --add-opens=java.base/java.lang.invoke=ALL-UNNAMED --add-opens=java.base/java.lang.reflect=ALL-UNNAMED --add-opens=java.base/java.io=ALL-UNNAMED --add-opens=java.base/java.net=ALL-UNNAMED --add-opens=java.base/java.nio=ALL-UNNAMED --add-opens=java.base/java.util=ALL-UNNAMED --add-opens=java.base/java.util.concurrent=ALL-UNNAMED --add-opens=java.base/java.util.concurrent.atomic=ALL-UNNAMED --add-opens=java.base/jdk.internal.ref=ALL-UNNAMED --add-opens=java.base/sun.nio.ch=ALL-UNNAMED --add-opens=java.base/sun.nio.cs=ALL-UNNAMED --add-opens=java.base/sun.security.action=ALL-UNNAMED --add-opens=java.base/sun.util.calendar=ALL-UNNAMED --add-opens=java.security.jgss/sun.security.krb5=ALL-UNNAMED -Djdk.reflect.useDirectMethodHandle=false -Dio.netty.tryReflectionSetAccessible=true -Dlog4j.configurationFile=file:/Users/heng/Documents/A-0916-Spark/HelloSpark/log4j2.properties
spark.executor.id=driver
spark.hadoop.fs.s3a.vectored.read.max.merged.size=2M
spark.hadoop.fs.s3a.vectored.read.min.seek.size=128K
spark.master=local[3]
spark.rdd.compress=True
spark.serializer.objectStreamReset=100
spark.sql.artifact.isolation.enabled=false
spark.submit.deployMode=client
spark.submit.pyFiles=
spark.ui.showConsoleProgress=true
25/09/24 17:19:10 INFO Hello Spark: starting new spark
25/09/24 17:19:10 INFO Hello Spark: finish new spark
